2019-01-02 09:23:53,792 INFO o.a.j.u.JMeterUtils: Setting Locale to en_EN
2019-01-02 09:23:53,829 INFO o.a.j.JMeter: Loading user properties from: /usr/local/Cellar/jmeter/5.0/libexec/bin/user.properties
2019-01-02 09:23:53,829 INFO o.a.j.JMeter: Loading system properties from: /usr/local/Cellar/jmeter/5.0/libexec/bin/system.properties
2019-01-02 09:23:53,837 INFO o.a.j.JMeter: Copyright (c) 1998-2018 The Apache Software Foundation
2019-01-02 09:23:53,837 INFO o.a.j.JMeter: Version 5.0 r1840935
2019-01-02 09:23:53,837 INFO o.a.j.JMeter: java.version=11.0.1
2019-01-02 09:23:53,837 INFO o.a.j.JMeter: java.vm.name=Java HotSpot(TM) 64-Bit Server VM
2019-01-02 09:23:53,837 INFO o.a.j.JMeter: os.name=Mac OS X
2019-01-02 09:23:53,837 INFO o.a.j.JMeter: os.arch=x86_64
2019-01-02 09:23:53,837 INFO o.a.j.JMeter: os.version=10.14.1
2019-01-02 09:23:53,837 INFO o.a.j.JMeter: file.encoding=UTF-8
2019-01-02 09:23:53,837 INFO o.a.j.JMeter: Max memory     =1073741824
2019-01-02 09:23:53,838 INFO o.a.j.JMeter: Available Processors =12
2019-01-02 09:23:53,849 INFO o.a.j.JMeter: Default Locale=English (EN)
2019-01-02 09:23:53,849 INFO o.a.j.JMeter: JMeter  Locale=English (EN)
2019-01-02 09:23:53,849 INFO o.a.j.JMeter: JMeterHome=/usr/local/Cellar/jmeter/5.0/libexec
2019-01-02 09:23:53,849 INFO o.a.j.JMeter: user.dir  =/Users/standup/code/cpes/app
2019-01-02 09:23:53,849 INFO o.a.j.JMeter: PWD       =/Users/standup/code/cpes/app
2019-01-02 09:23:53,854 INFO o.a.j.JMeter: IP: 192.168.29.119 Name: Standup-Mac.T-mobile.com FullName: standup-mac.t-mobile.com
2019-01-02 09:23:55,652 INFO o.a.j.g.a.LookAndFeelCommand: Installing Darcula LAF
2019-01-02 09:23:55,659 INFO o.a.j.g.a.LookAndFeelCommand: Using look and feel: com.bulenkov.darcula.DarculaLaf [Darcula]
2019-01-02 09:23:55,660 INFO o.a.j.JMeter: Setting LAF to: com.bulenkov.darcula.DarculaLaf
2019-01-02 09:23:55,751 INFO o.a.j.JMeter: Loaded icon properties from org/apache/jmeter/images/icon.properties
2019-01-02 09:23:56,232 INFO o.a.j.e.u.CompoundVariable: Note: Function class names must contain the string: '.functions.'
2019-01-02 09:23:56,232 INFO o.a.j.e.u.CompoundVariable: Note: Function class names must not contain the string: '.gui.'
2019-01-02 09:23:57,492 INFO o.a.j.p.h.s.HTTPSamplerBase: Parser for text/html is org.apache.jmeter.protocol.http.parser.LagartoBasedHtmlParser
2019-01-02 09:23:57,493 INFO o.a.j.p.h.s.HTTPSamplerBase: Parser for application/xhtml+xml is org.apache.jmeter.protocol.http.parser.LagartoBasedHtmlParser
2019-01-02 09:23:57,493 INFO o.a.j.p.h.s.HTTPSamplerBase: Parser for application/xml is org.apache.jmeter.protocol.http.parser.LagartoBasedHtmlParser
2019-01-02 09:23:57,493 INFO o.a.j.p.h.s.HTTPSamplerBase: Parser for text/xml is org.apache.jmeter.protocol.http.parser.LagartoBasedHtmlParser
2019-01-02 09:23:57,493 INFO o.a.j.p.h.s.HTTPSamplerBase: Parser for text/vnd.wap.wml is org.apache.jmeter.protocol.http.parser.RegexpHTMLParser
2019-01-02 09:23:57,493 INFO o.a.j.p.h.s.HTTPSamplerBase: Parser for text/css is org.apache.jmeter.protocol.http.parser.CssParser
2019-01-02 09:23:57,823 INFO o.a.j.e.KeyToolUtils: keytool found at 'keytool'
2019-01-02 09:23:57,823 INFO o.a.j.p.h.p.ProxyControl: HTTP(S) Test Script Recorder SSL Proxy will use keys that support embedded 3rd party resources in file /usr/local/Cellar/jmeter/5.0/libexec/bin/proxyserver.jks
2019-01-02 09:23:57,930 INFO o.a.j.s.FileServer: Default base='/Users/standup/code/cpes/app'
2019-01-02 09:23:58,168 INFO o.a.j.s.SampleResult: Note: Sample TimeStamps are START times
2019-01-02 09:23:58,168 INFO o.a.j.s.SampleResult: sampleresult.default.encoding is set to ISO-8859-1
2019-01-02 09:23:58,168 INFO o.a.j.s.SampleResult: sampleresult.useNanoTime=true
2019-01-02 09:23:58,168 INFO o.a.j.s.SampleResult: sampleresult.nanoThreadSleep=5000
2019-01-02 09:23:58,182 WARN o.a.j.v.ViewResultsFullVisualizer: Error loading result renderer: org.apache.jmeter.visualizers.RenderInBrowser
java.lang.NoClassDefFoundError: javafx/embed/swing/JFXPanel
	at java.lang.Class.forName0(Native Method) ~[?:?]
	at java.lang.Class.forName(Class.java:315) ~[?:?]
	at org.apache.jmeter.visualizers.ViewResultsFullVisualizer.createComboRender(ViewResultsFullVisualizer.java:462) [ApacheJMeter_components.jar:5.0 r1840935]
	at org.apache.jmeter.visualizers.ViewResultsFullVisualizer.createLeftPanel(ViewResultsFullVisualizer.java:430) [ApacheJMeter_components.jar:5.0 r1840935]
	at org.apache.jmeter.visualizers.ViewResultsFullVisualizer.init(ViewResultsFullVisualizer.java:342) [ApacheJMeter_components.jar:5.0 r1840935]
	at org.apache.jmeter.visualizers.ViewResultsFullVisualizer.<init>(ViewResultsFullVisualizer.java:147) [ApacheJMeter_components.jar:5.0 r1840935]
	at jdk.internal.reflect.NativeConstructorAccessorImpl.newInstance0(Native Method) ~[?:?]
	at jdk.internal.reflect.NativeConstructorAccessorImpl.newInstance(NativeConstructorAccessorImpl.java:62) ~[?:?]
	at jdk.internal.reflect.DelegatingConstructorAccessorImpl.newInstance(DelegatingConstructorAccessorImpl.java:45) ~[?:?]
	at java.lang.reflect.Constructor.newInstance(Constructor.java:490) ~[?:?]
	at java.lang.Class.newInstance(Class.java:584) [?:?]
	at org.apache.jmeter.gui.util.MenuFactory.getGUIComponent(MenuFactory.java:174) [ApacheJMeter_core.jar:5.0 r1840935]
	at org.apache.jmeter.gui.util.MenuFactory.initializeMenus(MenuFactory.java:141) [ApacheJMeter_core.jar:5.0 r1840935]
	at org.apache.jmeter.gui.util.MenuFactory.<clinit>(MenuFactory.java:106) [ApacheJMeter_core.jar:5.0 r1840935]
	at org.apache.jmeter.control.gui.TestPlanGui.createPopupMenu(TestPlanGui.java:92) [ApacheJMeter_core.jar:5.0 r1840935]
	at org.apache.jmeter.gui.tree.JMeterTreeNode.createPopupMenu(JMeterTreeNode.java:184) [ApacheJMeter_core.jar:5.0 r1840935]
	at org.apache.jmeter.gui.action.EditCommand.doAction(EditCommand.java:46) [ApacheJMeter_core.jar:5.0 r1840935]
	at org.apache.jmeter.gui.action.ActionRouter.performAction(ActionRouter.java:88) [ApacheJMeter_core.jar:5.0 r1840935]
	at org.apache.jmeter.gui.action.ActionRouter.lambda$actionPerformed$0(ActionRouter.java:70) [ApacheJMeter_core.jar:5.0 r1840935]
	at java.awt.event.InvocationEvent.dispatch(InvocationEvent.java:313) [?:?]
	at java.awt.EventQueue.dispatchEventImpl(EventQueue.java:770) [?:?]
	at java.awt.EventQueue$4.run(EventQueue.java:721) [?:?]
	at java.awt.EventQueue$4.run(EventQueue.java:715) [?:?]
	at java.security.AccessController.doPrivileged(Native Method) [?:?]
	at java.security.ProtectionDomain$JavaSecurityAccessImpl.doIntersectionPrivilege(ProtectionDomain.java:85) [?:?]
	at java.awt.EventQueue.dispatchEvent(EventQueue.java:740) [?:?]
	at java.awt.EventDispatchThread.pumpOneEventForFilters(EventDispatchThread.java:203) [?:?]
	at java.awt.EventDispatchThread.pumpEventsForFilter(EventDispatchThread.java:124) [?:?]
	at java.awt.EventDispatchThread.pumpEventsForHierarchy(EventDispatchThread.java:113) [?:?]
	at java.awt.EventDispatchThread.pumpEvents(EventDispatchThread.java:109) [?:?]
	at java.awt.EventDispatchThread.pumpEvents(EventDispatchThread.java:101) [?:?]
	at java.awt.EventDispatchThread.run(EventDispatchThread.java:90) [?:?]
Caused by: java.lang.ClassNotFoundException: javafx.embed.swing.JFXPanel
	at java.net.URLClassLoader.findClass(URLClassLoader.java:471) ~[?:?]
	at java.lang.ClassLoader.loadClass(ClassLoader.java:588) ~[?:?]
	at java.lang.ClassLoader.loadClass(ClassLoader.java:521) ~[?:?]
	... 32 more
2019-01-02 09:25:13,902 INFO o.a.j.s.FileServer: Set new base='/Users/standup/Downloads'
2019-01-02 09:25:14,037 INFO o.a.j.s.SaveService: Testplan (JMX) version: 2.2. Testlog (JTL) version: 2.2
2019-01-02 09:25:14,066 INFO o.a.j.s.SaveService: Using SaveService properties version 5.0
2019-01-02 09:25:14,067 INFO o.a.j.s.SaveService: Using SaveService properties file encoding UTF-8
2019-01-02 09:25:14,092 INFO o.a.j.e.StandardJMeterEngine: Running the test!
2019-01-02 09:25:14,093 INFO o.a.j.s.SampleEvent: List of sample_variables: []
2019-01-02 09:25:14,093 INFO o.a.j.s.SampleEvent: List of sample_variables: []
2019-01-02 09:25:14,095 INFO o.a.j.g.u.JMeterMenuBar: setRunning(true, *local*)
2019-01-02 09:25:14,128 INFO o.a.j.e.StandardJMeterEngine: Starting ThreadGroup: 1 : Thread Group
2019-01-02 09:25:14,128 INFO o.a.j.e.StandardJMeterEngine: Starting 1 threads for group Thread Group.
2019-01-02 09:25:14,128 INFO o.a.j.e.StandardJMeterEngine: Thread will continue on error
2019-01-02 09:25:14,128 INFO o.a.j.t.ThreadGroup: Starting thread group... number=1 threads=1 ramp-up=1 perThread=1000.0 delayedStart=false
2019-01-02 09:25:14,135 INFO o.a.j.t.ThreadGroup: Started thread group number 1
2019-01-02 09:25:14,135 INFO o.a.j.e.StandardJMeterEngine: All thread groups have been started
2019-01-02 09:25:14,136 INFO o.a.j.t.JMeterThread: Thread started: Thread Group 1-1
2019-01-02 09:25:14,149 INFO o.a.j.t.JMeterThread: Thread is done: Thread Group 1-1
2019-01-02 09:25:14,149 INFO o.a.j.t.JMeterThread: Thread finished: Thread Group 1-1
2019-01-02 09:25:14,149 INFO o.a.j.e.StandardJMeterEngine: Notifying test listeners of end of test
2019-01-02 09:25:14,149 INFO o.a.j.g.u.JMeterMenuBar: setRunning(false, *local*)
2019-01-02 09:25:20,480 INFO o.a.j.e.StandardJMeterEngine: Running the test!
2019-01-02 09:25:20,480 INFO o.a.j.s.SampleEvent: List of sample_variables: []
2019-01-02 09:25:20,482 INFO o.a.j.g.u.JMeterMenuBar: setRunning(true, *local*)
2019-01-02 09:25:20,511 INFO o.a.j.e.StandardJMeterEngine: Starting ThreadGroup: 1 : Thread Group
2019-01-02 09:25:20,512 INFO o.a.j.e.StandardJMeterEngine: Starting 1 threads for group Thread Group.
2019-01-02 09:25:20,512 INFO o.a.j.e.StandardJMeterEngine: Thread will continue on error
2019-01-02 09:25:20,512 INFO o.a.j.t.ThreadGroup: Starting thread group... number=1 threads=1 ramp-up=1 perThread=1000.0 delayedStart=false
2019-01-02 09:25:20,515 INFO o.a.j.t.ThreadGroup: Started thread group number 1
2019-01-02 09:25:20,516 INFO o.a.j.e.StandardJMeterEngine: All thread groups have been started
2019-01-02 09:25:20,516 INFO o.a.j.t.JMeterThread: Thread started: Thread Group 1-1
2019-01-02 09:25:20,521 INFO o.a.j.t.JMeterThread: Thread is done: Thread Group 1-1
2019-01-02 09:25:20,521 INFO o.a.j.t.JMeterThread: Thread finished: Thread Group 1-1
2019-01-02 09:25:20,521 INFO o.a.j.e.StandardJMeterEngine: Notifying test listeners of end of test
2019-01-02 09:25:20,522 INFO o.a.j.g.u.JMeterMenuBar: setRunning(false, *local*)
2019-01-02 09:29:34,108 WARN o.a.j.v.ViewResultsFullVisualizer: Error loading result renderer: org.apache.jmeter.visualizers.RenderInBrowser
java.lang.NoClassDefFoundError: javafx/embed/swing/JFXPanel
	at java.lang.Class.forName0(Native Method) ~[?:?]
	at java.lang.Class.forName(Class.java:315) ~[?:?]
	at org.apache.jmeter.visualizers.ViewResultsFullVisualizer.createComboRender(ViewResultsFullVisualizer.java:462) [ApacheJMeter_components.jar:5.0 r1840935]
	at org.apache.jmeter.visualizers.ViewResultsFullVisualizer.createLeftPanel(ViewResultsFullVisualizer.java:430) [ApacheJMeter_components.jar:5.0 r1840935]
	at org.apache.jmeter.visualizers.ViewResultsFullVisualizer.init(ViewResultsFullVisualizer.java:342) [ApacheJMeter_components.jar:5.0 r1840935]
	at org.apache.jmeter.visualizers.ViewResultsFullVisualizer.<init>(ViewResultsFullVisualizer.java:147) [ApacheJMeter_components.jar:5.0 r1840935]
	at jdk.internal.reflect.NativeConstructorAccessorImpl.newInstance0(Native Method) ~[?:?]
	at jdk.internal.reflect.NativeConstructorAccessorImpl.newInstance(NativeConstructorAccessorImpl.java:62) ~[?:?]
	at jdk.internal.reflect.DelegatingConstructorAccessorImpl.newInstance(DelegatingConstructorAccessorImpl.java:45) ~[?:?]
	at java.lang.reflect.Constructor.newInstance(Constructor.java:490) ~[?:?]
	at java.lang.Class.newInstance(Class.java:584) [?:?]
	at org.apache.jmeter.gui.GuiPackage.getGuiFromCache(GuiPackage.java:405) [ApacheJMeter_core.jar:5.0 r1840935]
	at org.apache.jmeter.gui.GuiPackage.createTestElement(GuiPackage.java:352) [ApacheJMeter_core.jar:5.0 r1840935]
	at org.apache.jmeter.gui.action.AddToTree.doAction(AddToTree.java:68) [ApacheJMeter_core.jar:5.0 r1840935]
	at org.apache.jmeter.gui.action.ActionRouter.performAction(ActionRouter.java:88) [ApacheJMeter_core.jar:5.0 r1840935]
	at org.apache.jmeter.gui.action.ActionRouter.lambda$actionPerformed$0(ActionRouter.java:70) [ApacheJMeter_core.jar:5.0 r1840935]
	at java.awt.event.InvocationEvent.dispatch(InvocationEvent.java:313) [?:?]
	at java.awt.EventQueue.dispatchEventImpl(EventQueue.java:770) [?:?]
	at java.awt.EventQueue$4.run(EventQueue.java:721) [?:?]
	at java.awt.EventQueue$4.run(EventQueue.java:715) [?:?]
	at java.security.AccessController.doPrivileged(Native Method) [?:?]
	at java.security.ProtectionDomain$JavaSecurityAccessImpl.doIntersectionPrivilege(ProtectionDomain.java:85) [?:?]
	at java.awt.EventQueue.dispatchEvent(EventQueue.java:740) [?:?]
	at java.awt.EventDispatchThread.pumpOneEventForFilters(EventDispatchThread.java:203) [?:?]
	at java.awt.EventDispatchThread.pumpEventsForFilter(EventDispatchThread.java:124) [?:?]
	at java.awt.EventDispatchThread.pumpEventsForHierarchy(EventDispatchThread.java:113) [?:?]
	at java.awt.EventDispatchThread.pumpEvents(EventDispatchThread.java:109) [?:?]
	at java.awt.EventDispatchThread.pumpEvents(EventDispatchThread.java:101) [?:?]
	at java.awt.EventDispatchThread.run(EventDispatchThread.java:90) [?:?]
Caused by: java.lang.ClassNotFoundException: javafx.embed.swing.JFXPanel
	at java.net.URLClassLoader.findClass(URLClassLoader.java:471) ~[?:?]
	at java.lang.ClassLoader.loadClass(ClassLoader.java:588) ~[?:?]
	at java.lang.ClassLoader.loadClass(ClassLoader.java:521) ~[?:?]
	... 29 more
2019-01-02 09:29:40,502 INFO o.a.j.e.StandardJMeterEngine: Running the test!
2019-01-02 09:29:40,503 INFO o.a.j.s.SampleEvent: List of sample_variables: []
2019-01-02 09:29:40,505 INFO o.a.j.g.u.JMeterMenuBar: setRunning(true, *local*)
2019-01-02 09:29:40,539 INFO o.a.j.e.StandardJMeterEngine: Starting ThreadGroup: 1 : Thread Group
2019-01-02 09:29:40,540 INFO o.a.j.e.StandardJMeterEngine: Starting 1 threads for group Thread Group.
2019-01-02 09:29:40,540 INFO o.a.j.e.StandardJMeterEngine: Thread will continue on error
2019-01-02 09:29:40,540 INFO o.a.j.t.ThreadGroup: Starting thread group... number=1 threads=1 ramp-up=1 perThread=1000.0 delayedStart=false
2019-01-02 09:29:40,541 INFO o.a.j.t.ThreadGroup: Started thread group number 1
2019-01-02 09:29:40,541 INFO o.a.j.e.StandardJMeterEngine: All thread groups have been started
2019-01-02 09:29:40,541 INFO o.a.j.t.JMeterThread: Thread started: Thread Group 1-1
2019-01-02 09:29:40,544 INFO o.a.j.t.JMeterThread: Thread is done: Thread Group 1-1
2019-01-02 09:29:40,545 INFO o.a.j.t.JMeterThread: Thread finished: Thread Group 1-1
2019-01-02 09:29:40,545 INFO o.a.j.e.StandardJMeterEngine: Notifying test listeners of end of test
2019-01-02 09:29:40,545 INFO o.a.j.g.u.JMeterMenuBar: setRunning(false, *local*)
